[debug] [2021-08-01T17:06:17.102Z] ----------------------------------------------------------------------
[debug] [2021-08-01T17:06:17.105Z] Command:       /usr/local/bin/node /usr/local/bin/firebase init
[debug] [2021-08-01T17:06:17.105Z] CLI Version:   9.16.0
[debug] [2021-08-01T17:06:17.105Z] Platform:      darwin
[debug] [2021-08-01T17:06:17.105Z] Node Version:  v14.16.0
[debug] [2021-08-01T17:06:17.107Z] Time:          Sun Aug 01 2021 19:06:17 GMT+0200 (Central European Summer Time)
[debug] [2021-08-01T17:06:17.107Z] ----------------------------------------------------------------------
[debug] 
[debug] [2021-08-01T17:06:17.114Z] > command requires scopes: ["email","openid","https://www.googleapis.com/auth/cloudplatformprojects.readonly","https://www.googleapis.com/auth/firebase","https://www.googleapis.com/auth/cloud-platform"]
[debug] [2021-08-01T17:06:17.114Z] > authorizing via signed-in user (konrad79856@gmail.com)
[info] 
     ######## #### ########  ######## ########     ###     ######  ########
     ##        ##  ##     ## ##       ##     ##  ##   ##  ##       ##
     ######    ##  ########  ######   ########  #########  ######  ######
     ##        ##  ##    ##  ##       ##     ## ##     ##       ## ##
     ##       #### ##     ## ######## ########  ##     ##  ######  ########

You're about to initialize a Firebase project in this directory:

  /Users/konradslaski/Desktop/kurs/myProject/prs

[info] 
=== Project Setup
[info] 
[info] First, let's associate this project directory with a Firebase project.
[info] You can create multiple project aliases by running firebase use --add, 
[info] but for now we'll just set up a default project.
[info] 
[debug] [2021-08-01T17:07:28.405Z] >>> [apiv2][query] GET https://firebase.googleapis.com/v1beta1/projects pageSize=100
[debug] [2021-08-01T17:07:28.728Z] <<< [apiv2][status] GET https://firebase.googleapis.com/v1beta1/projects 200
[debug] [2021-08-01T17:07:28.728Z] <<< [apiv2][body] GET https://firebase.googleapis.com/v1beta1/projects [omitted]
[info] i  Using project property-reservation-system (Property Reservation System) 
[info] 
=== Hosting Setup
[info] 
[info] Your public directory is the folder (relative to your project directory) that
[info] will contain Hosting assets to be uploaded with firebase deploy. If you
[info] have a build process for your assets, use your build's output directory.
[info] 
